Employee::__construct(): Argument #4 ($salary) must be of type float, string given, called in C:\xampp\htdocs\OOCompany\index.php on line 43 22
C:\xampp\htdocs\OOCompany\class\Employee.php 0 #0 C:\xampp\htdocs\OOCompany\index.php(43): Employee->__construct('You', '', '', '', '')
#1 {main} 2023-01-18 10:42:30
You have an error in your SQL syntax; check the manual that corresponds to your MariaDB server version for the right syntax to use near 'Ho AND lastname = Lee)' at line 1 33
C:\xampp\htdocs\OOCompany\class\Employee.php 1064 #0 C:\xampp\htdocs\OOCompany\class\Employee.php(33): mysqli->query('SELECT NOT EXIS...')
#1 C:\xampp\htdocs\OOCompany\index.php(43): Employee->__construct('Young Ho', 'Lee', 'm', 33.0, 1)
#2 {main} 2023-01-18 10:27:39
Duplicate entry 'Zerg' for key 'name' 23
C:\xampp\htdocs\OOCompany\class\Department.php 1062 #0 C:\xampp\htdocs\OOCompany\class\Department.php(23): mysqli->query('INSERT INTO dep...')
#1 C:\xampp\htdocs\OOCompany\index.php(46): Department->__construct('Zerg')
#2 {main} 2023-01-18 10:01:42
Duplicate entry 'Zerg' for key 'name' 23
C:\xampp\htdocs\OOCompany\class\Department.php 1062 #0 C:\xampp\htdocs\OOCompany\class\Department.php(23): mysqli->query('INSERT INTO dep...')
#1 C:\xampp\htdocs\OOCompany\index.php(46): Department->__construct('Zerg')
#2 {main} 2023-01-17 15:58:56
nix doppelt 28
C:\xampp\htdocs\OOCompany\class\Department.php 0 #0 C:\xampp\htdocs\OOCompany\index.php(46): Department->__construct('Terran')
#1 {main} 2023-01-17 15:56:38
Duplicate entry 'Terran' for key 'name' 22
C:\xampp\htdocs\OOCompany\class\Department.php 1062 #0 C:\xampp\htdocs\OOCompany\class\Department.php(22): mysqli->query('INSERT INTO dep...')
#1 C:\xampp\htdocs\OOCompany\index.php(46): Department->__construct('Terran')
#2 {main} 2023-01-17 15:51:41
Unknown column 'firstnames' in 'field list' 172
C:\xampp\htdocs\OOCompany\class\Employee.php 1054 #0 C:\xampp\htdocs\OOCompany\class\Employee.php(172): mysqli->query('SELECT id, firs...')
#1 C:\xampp\htdocs\OOCompany\class\Employee.php(197): Employee::getAll()
#2 C:\xampp\htdocs\OOCompany\view\showReadEmployee.php(3): Employee::getTable()
#3 C:\xampp\htdocs\OOCompany\index.php(68): include('C:\\xampp\\htdocs...')
#4 {main} 2023-01-17 15:47:37
 28
C:\xampp\htdocs\OOCompany\class\Department.php 0 #0 C:\xampp\htdocs\OOCompany\index.php(46): Department->__construct('Zerg')
#1 {main} 2023-01-17 15:58:56
nix doppelt 28
C:\xampp\htdocs\OOCompany\class\Department.php 0 #0 C:\xampp\htdocs\OOCompany\index.php(46): Department->__construct('Terran')
#1 {main} 2023-01-17 15:56:38
Duplicate entry 'Terran' for key 'name' 22
C:\xampp\htdocs\OOCompany\class\Department.php 1062 #0 C:\xampp\htdocs\OOCompany\class\Department.php(22): mysqli->query('INSERT INTO dep...')
#1 C:\xampp\htdocs\OOCompany\index.php(46): Department->__construct('Terran')
#2 {main} 2023-01-17 15:51:41
Unknown column 'firstnames' in 'field list' 172
C:\xampp\htdocs\OOCompany\class\Employee.php 1054 #0 C:\xampp\htdocs\OOCompany\class\Employee.php(172): mysqli->query('SELECT id, firs...')
#1 C:\xampp\htdocs\OOCompany\class\Employee.php(197): Employee::getAll()
#2 C:\xampp\htdocs\OOCompany\view\showReadEmployee.php(3): Employee::getTable()
#3 C:\xampp\htdocs\OOCompany\index.php(68): include('C:\\xampp\\htdocs...')
#4 {main} 2023-01-17 15:47:37
 28
C:\xampp\htdocs\OOCompany\class\Department.php 0 #0 C:\xampp\htdocs\OOCompany\index.php(46): Department->__construct('Zerg')
#1 {main} 2023-01-18 10:01:42
Duplicate entry 'Zerg' for key 'name' 23
C:\xampp\htdocs\OOCompany\class\Department.php 1062 #0 C:\xampp\htdocs\OOCompany\class\Department.php(23): mysqli->query('INSERT INTO dep...')
#1 C:\xampp\htdocs\OOCompany\index.php(46): Department->__construct('Zerg')
#2 {main} 2023-01-17 15:58:56
nix doppelt 28
C:\xampp\htdocs\OOCompany\class\Department.php 0 #0 C:\xampp\htdocs\OOCompany\index.php(46): Department->__construct('Terran')
#1 {main} 2023-01-17 15:56:38
Duplicate entry 'Terran' for key 'name' 22
C:\xampp\htdocs\OOCompany\class\Department.php 1062 #0 C:\xampp\htdocs\OOCompany\class\Department.php(22): mysqli->query('INSERT INTO dep...')
#1 C:\xampp\htdocs\OOCompany\index.php(46): Department->__construct('Terran')
#2 {main} 2023-01-17 15:51:41
Unknown column 'firstnames' in 'field list' 172
C:\xampp\htdocs\OOCompany\class\Employee.php 1054 #0 C:\xampp\htdocs\OOCompany\class\Employee.php(172): mysqli->query('SELECT id, firs...')
#1 C:\xampp\htdocs\OOCompany\class\Employee.php(197): Employee::getAll()
#2 C:\xampp\htdocs\OOCompany\view\showReadEmployee.php(3): Employee::getTable()
#3 C:\xampp\htdocs\OOCompany\index.php(68): include('C:\\xampp\\htdocs...')
#4 {main} 2023-01-17 15:47:37
 28
C:\xampp\htdocs\OOCompany\class\Department.php 0 #0 C:\xampp\htdocs\OOCompany\index.php(46): Department->__construct('Zerg')
#1 {main} 2023-01-17 15:58:56
nix doppelt 28
C:\xampp\htdocs\OOCompany\class\Department.php 0 #0 C:\xampp\htdocs\OOCompany\index.php(46): Department->__construct('Terran')
#1 {main} 2023-01-17 15:56:38
Duplicate entry 'Terran' for key 'name' 22
C:\xampp\htdocs\OOCompany\class\Department.php 1062 #0 C:\xampp\htdocs\OOCompany\class\Department.php(22): mysqli->query('INSERT INTO dep...')
#1 C:\xampp\htdocs\OOCompany\index.php(46): Department->__construct('Terran')
#2 {main} 2023-01-17 15:51:41
Unknown column 'firstnames' in 'field list' 172
C:\xampp\htdocs\OOCompany\class\Employee.php 1054 #0 C:\xampp\htdocs\OOCompany\class\Employee.php(172): mysqli->query('SELECT id, firs...')
#1 C:\xampp\htdocs\OOCompany\class\Employee.php(197): Employee::getAll()
#2 C:\xampp\htdocs\OOCompany\view\showReadEmployee.php(3): Employee::getTable()
#3 C:\xampp\htdocs\OOCompany\index.php(68): include('C:\\xampp\\htdocs...')
#4 {main} 2023-01-17 15:47:37
